[debug] [2021-09-17T01:42:34.291Z] ----------------------------------------------------------------------
[debug] [2021-09-17T01:42:34.294Z] Command:       /home/sudeduardo/.nvm/versions/node/v16.6.2/bin/node /home/sudeduardo/.nvm/versions/node/v16.6.2/bin/firebase init hosting
[debug] [2021-09-17T01:42:34.295Z] CLI Version:   9.18.0
[debug] [2021-09-17T01:42:34.295Z] Platform:      linux
[debug] [2021-09-17T01:42:34.295Z] Node Version:  v16.6.2
[debug] [2021-09-17T01:42:34.296Z] Time:          Thu Sep 16 2021 22:42:34 GMT-0300 (Horário Padrão de Brasília)
[debug] [2021-09-17T01:42:34.296Z] ----------------------------------------------------------------------
[debug] 
[debug] [2021-09-17T01:42:34.400Z] > command requires scopes: ["email","openid","https://www.googleapis.com/auth/cloudplatformprojects.readonly","https://www.googleapis.com/auth/firebase","https://www.googleapis.com/auth/cloud-platform"]
[debug] [2021-09-17T01:42:34.401Z] > authorizing via signed-in user (sudeduardo@gmail.com)
[info] 
     ######## #### ########  ######## ########     ###     ######  ########
     ##        ##  ##     ## ##       ##     ##  ##   ##  ##       ##
     ######    ##  ########  ######   ########  #########  ######  ######
     ##        ##  ##    ##  ##       ##     ## ##     ##       ## ##
     ##       #### ##     ## ######## ########  ##     ##  ######  ########

You're about to initialize a Firebase project in this directory:

  /home/sudeduardo/dev/mangaOne

Before we get started, keep in mind:

  * You are initializing within an existing Firebase project directory

[info] 
=== Project Setup
[info] 
[info] First, let's associate this project directory with a Firebase project.
[info] You can create multiple project aliases by running firebase use --add, 
[info] but for now we'll just set up a default project.
[info] 
[info] i  .firebaserc already has a default project, using mangaone-f1cee. 
[debug] [2021-09-17T01:42:34.412Z] >>> [apiv2][query] GET https://firebase.googleapis.com/v1beta1/projects/mangaone-f1cee [none]
[debug] [2021-09-17T01:42:34.996Z] <<< [apiv2][status] GET https://firebase.googleapis.com/v1beta1/projects/mangaone-f1cee 200
[debug] [2021-09-17T01:42:34.997Z] <<< [apiv2][body] GET https://firebase.googleapis.com/v1beta1/projects/mangaone-f1cee {"projectId":"mangaone-f1cee","projectNumber":"18414930881","displayName":"mangaOne","name":"projects/mangaone-f1cee","resources":{"hostingSite":"mangaone-f1cee","storageBucket":"mangaone-f1cee.appspot.com","locationId":"us-central"},"state":"ACTIVE"}
[info] 
=== Hosting Setup
[info] 
[info] Your public directory is the folder (relative to your project directory) that
[info] will contain Hosting assets to be uploaded with firebase deploy. If you
[info] have a build process for your assets, use your build's output directory.
[info] 
